<?xml version="1.0" encoding="UTF-8"?>
<testng-results skipped="1" failed="0" total="1" passed="0">
  <reporter-output>
  </reporter-output>
  <suite name="Default suite" duration-ms="7714" started-at="2016-06-28T07:14:32Z" finished-at="2016-06-28T07:14:40Z">
    <groups>
    </groups>
    <test name="Default test" duration-ms="7714" started-at="2016-06-28T07:14:32Z" finished-at="2016-06-28T07:14:40Z">
      <class name="com.cd.signUp.TestSignUp">
        <test-method status="FAIL" signature="beforeClass()[pri:0, instance:com.cd.signUp.TestSignUp@59f99ea]" name="beforeClass" is-config="true" duration-ms="0" started-at="2016-06-28T12:44:32Z" finished-at="2016-06-28T12:44:32Z">
          <exception class="org.openqa.selenium.WebDriverException">
            <message>
              <![CDATA[this.getChromeWindowFromDocumentWindow(...) is undefined
Command duration or timeout: 211 milliseconds
Build info: version: '2.48.2', revision: '41bccdd', time: '2015-10-09 19:55:52'
System info: host: 'CFLAP497', ip: '192.168.74.85', os.name: 'Windows 7', os.arch: 'amd64', os.version: '6.1', java.version: '1.8.0_65'
Driver info: org.openqa.selenium.firefox.FirefoxDriver
Capabilities [{applicationCacheEnabled=true, rotatable=false, handlesAlerts=true, databaseEnabled=true, version=41.0, platform=WINDOWS, nativeEvents=false, acceptSslCerts=true, webStorageEnabled=true, locationContextEnabled=true, browserName=firefox, takesScreenshot=true, javascriptEnabled=true, cssSelectorsEnabled=true}]
Session ID: 7a64b8a5-6287-42cb-beef-744777aafd3a]]>
            </message>
            <full-stacktrace>
              <![CDATA[org.openqa.selenium.WebDriverException: this.getChromeWindowFromDocumentWindow(...) is undefined
Command duration or timeout: 211 milliseconds
Build info: version: '2.48.2', revision: '41bccdd', time: '2015-10-09 19:55:52'
System info: host: 'CFLAP497', ip: '192.168.74.85', os.name: 'Windows 7', os.arch: 'amd64', os.version: '6.1', java.version: '1.8.0_65'
Driver info: org.openqa.selenium.firefox.FirefoxDriver
Capabilities [{applicationCacheEnabled=true, rotatable=false, handlesAlerts=true, databaseEnabled=true, version=41.0, platform=WINDOWS, nativeEvents=false, acceptSslCerts=true, webStorageEnabled=true, locationContextEnabled=true, browserName=firefox, takesScreenshot=true, javascriptEnabled=true, cssSelectorsEnabled=true}]
Session ID: 7a64b8a5-6287-42cb-beef-744777aafd3a
	at sun.reflect.NativeConstructorAccessorImpl.newInstance0(Native Method)
	at sun.reflect.NativeConstructorAccessorImpl.newInstance(Unknown Source)
	at sun.reflect.DelegatingConstructorAccessorImpl.newInstance(Unknown Source)
	at java.lang.reflect.Constructor.newInstance(Unknown Source)
	at org.openqa.selenium.remote.ErrorHandler.createThrowable(ErrorHandler.java:206)
	at org.openqa.selenium.remote.ErrorHandler.throwIfResponseFailed(ErrorHandler.java:158)
	at org.openqa.selenium.remote.RemoteWebDriver.execute(RemoteWebDriver.java:647)
	at org.openqa.selenium.remote.RemoteWebDriver$RemoteWebDriverOptions$RemoteWindow.maximize(RemoteWebDriver.java:907)
	at com.cd.driver.CreateDriverClass.setupMethod(CreateDriverClass.java:14)
	at com.cd.signUp.TestSignUp.beforeClass(TestSignUp.java:19)
	at sun.reflect.NativeMethodAccessorImpl.invoke0(Native Method)
	at sun.reflect.NativeMethodAccessorImpl.invoke(Unknown Source)
	at sun.reflect.DelegatingMethodAccessorImpl.invoke(Unknown Source)
	at java.lang.reflect.Method.invoke(Unknown Source)
	at org.testng.internal.MethodInvocationHelper.invokeMethod(MethodInvocationHelper.java:85)
	at org.testng.internal.Invoker.invokeConfigurationMethod(Invoker.java:510)
	at org.testng.internal.Invoker.invokeConfigurations(Invoker.java:211)
	at org.testng.internal.Invoker.invokeConfigurations(Invoker.java:138)
	at org.testng.internal.TestMethodWorker.invokeBeforeClassMethods(TestMethodWorker.java:170)
	at org.testng.internal.TestMethodWorker.run(TestMethodWorker.java:104)
	at org.testng.TestRunner.privateRun(TestRunner.java:773)
	at org.testng.TestRunner.run(TestRunner.java:623)
	at org.testng.SuiteRunner.runTest(SuiteRunner.java:357)
	at org.testng.SuiteRunner.runSequentially(SuiteRunner.java:352)
	at org.testng.SuiteRunner.privateRun(SuiteRunner.java:310)
	at org.testng.SuiteRunner.run(SuiteRunner.java:259)
	at org.testng.SuiteRunnerWorker.runSuite(SuiteRunnerWorker.java:52)
	at org.testng.SuiteRunnerWorker.run(SuiteRunnerWorker.java:86)
	at org.testng.TestNG.runSuitesSequentially(TestNG.java:1185)
	at org.testng.TestNG.runSuitesLocally(TestNG.java:1110)
	at org.testng.TestNG.run(TestNG.java:1018)
	at org.testng.remote.AbstractRemoteTestNG.run(AbstractRemoteTestNG.java:126)
	at org.testng.remote.RemoteTestNG.initAndRun(RemoteTestNG.java:75)
	at org.testng.remote.RemoteTestNG.main(RemoteTestNG.java:46)
Caused by: org.openqa.selenium.WebDriverException: this.getChromeWindowFromDocumentWindow(...) is undefined
Build info: version: '2.48.2', revision: '41bccdd', time: '2015-10-09 19:55:52'
System info: host: 'CFLAP497', ip: '192.168.74.85', os.name: 'Windows 7', os.arch: 'amd64', os.version: '6.1', java.version: '1.8.0_65'
Driver info: driver.version: unknown
	at <anonymous class>.FirefoxDriver.prototype.maximizeWindow(file:///C:/Users/CFLAP597/AppData/Local/Temp/anonymous2154180172055263812webdriver-profile/extensions/fxdriver@googlecode.com/components/driver-component.js:11029)
	at <anonymous class>.DelayedCommand.prototype.executeInternal_/h(file:///C:/Users/CFLAP597/AppData/Local/Temp/anonymous2154180172055263812webdriver-profile/extensions/fxdriver@googlecode.com/components/command-processor.js:12534)
	at <anonymous class>.DelayedCommand.prototype.executeInternal_(file:///C:/Users/CFLAP597/AppData/Local/Temp/anonymous2154180172055263812webdriver-profile/extensions/fxdriver@googlecode.com/components/command-processor.js:12539)
	at <anonymous class>.DelayedCommand.prototype.execute/<(file:///C:/Users/CFLAP597/AppData/Local/Temp/anonymous2154180172055263812webdriver-profile/extensions/fxdriver@googlecode.com/components/command-processor.js:12481)
]]>
            </full-stacktrace>
          </exception> <!-- org.openqa.selenium.WebDriverException -->
          <reporter-output>
          </reporter-output>
        </test-method> <!-- beforeClass -->
        <test-method status="SKIP" signature="beforeMethod()[pri:0, instance:com.cd.signUp.TestSignUp@59f99ea]" name="beforeMethod" is-config="true" duration-ms="0" started-at="2016-06-28T12:44:40Z" finished-at="2016-06-28T12:44:40Z">
          <reporter-output>
          </reporter-output>
        </test-method> <!-- beforeMethod -->
        <test-method status="SKIP" signature="test()[pri:0, instance:com.cd.signUp.TestSignUp@59f99ea]" name="test" duration-ms="2" started-at="2016-06-28T12:44:40Z" finished-at="2016-06-28T12:44:40Z">
          <reporter-output>
          </reporter-output>
        </test-method> <!-- test -->
        <test-method status="SKIP" signature="afterMethod()[pri:0, instance:com.cd.signUp.TestSignUp@59f99ea]" name="afterMethod" is-config="true" duration-ms="0" started-at="2016-06-28T12:44:40Z" finished-at="2016-06-28T12:44:40Z">
          <reporter-output>
          </reporter-output>
        </test-method> <!-- afterMethod -->
        <test-method status="SKIP" signature="closeBrowser()[pri:0, instance:com.cd.signUp.TestSignUp@59f99ea]" name="closeBrowser" is-config="true" duration-ms="0" started-at="2016-06-28T12:44:40Z" finished-at="2016-06-28T12:44:40Z">
          <reporter-output>
          </reporter-output>
        </test-method> <!-- closeBrowser -->
      </class> <!-- com.cd.signUp.TestSignUp -->
    </test> <!-- Default test -->
  </suite> <!-- Default suite -->
</testng-results>
